[debug] [2026-04-02T20:17:49.246Z] ----------------------------------------------------------------------
[debug] [2026-04-02T20:17:49.248Z] Command:       C:\Program Files\nodejs\node.exe C:\Users\Dev6\AppData\Roaming\npm\node_modules\firebase-tools\lib\bin\firebase.js deploy --only functions
[debug] [2026-04-02T20:17:49.249Z] CLI Version:   15.12.0
[debug] [2026-04-02T20:17:49.249Z] Platform:      win32
[debug] [2026-04-02T20:17:49.249Z] Node Version:  v24.14.0
[debug] [2026-04-02T20:17:49.249Z] Time:          Thu Apr 02 2026 17:17:49 GMT-0300 (Horário Padrão de Brasília)
[debug] [2026-04-02T20:17:49.249Z] ----------------------------------------------------------------------
[debug] 
[debug] [2026-04-02T20:17:49.250Z] >>> [apiv2][query] GET https://firebase-public.firebaseio.com/cli.json [none]
[debug] [2026-04-02T20:17:51.158Z] > command requires scopes: ["email","openid","https://www.googleapis.com/auth/cloudplatformprojects.readonly","https://www.googleapis.com/auth/firebase","https://www.googleapis.com/auth/cloud-platform"]
[debug] [2026-04-02T20:17:51.158Z] > authorizing via signed-in user (contato.hopepsyc@gmail.com)
[debug] [2026-04-02T20:17:51.158Z] [iam] checking project hope-31988 for permissions ["cloudfunctions.functions.create","cloudfunctions.functions.delete","cloudfunctions.functions.get","cloudfunctions.functions.list","cloudfunctions.functions.update","cloudfunctions.operations.get","firebase.projects.get"]
[debug] [2026-04-02T20:17:51.158Z] Checked if tokens are valid: false, expires at: 1775081296368
[debug] [2026-04-02T20:17:51.159Z] Checked if tokens are valid: false, expires at: 1775081296368
[debug] [2026-04-02T20:17:51.159Z] > refreshing access token with scopes: []
[debug] [2026-04-02T20:17:51.160Z] >>> [apiv2][query] POST https://www.googleapis.com/oauth2/v3/token [none]
[debug] [2026-04-02T20:17:51.160Z] >>> [apiv2][body] POST https://www.googleapis.com/oauth2/v3/token [omitted]
[debug] [2026-04-02T20:17:51.329Z] <<< [apiv2][status] POST https://www.googleapis.com/oauth2/v3/token 200
[debug] [2026-04-02T20:17:51.329Z] <<< [apiv2][body] POST https://www.googleapis.com/oauth2/v3/token [omitted]
[debug] [2026-04-02T20:17:51.338Z] >>> [apiv2][query] POST https://cloudresourcemanager.googleapis.com/v1/projects/hope-31988:testIamPermissions [none]
[debug] [2026-04-02T20:17:51.338Z] >>> [apiv2][(partial)header] POST https://cloudresourcemanager.googleapis.com/v1/projects/hope-31988:testIamPermissions  x-goog-user-project=hope-31988
[debug] [2026-04-02T20:17:51.338Z] >>> [apiv2][body] POST https://cloudresourcemanager.googleapis.com/v1/projects/hope-31988:testIamPermissions {"permissions":["cloudfunctions.functions.create","cloudfunctions.functions.delete","cloudfunctions.functions.get","cloudfunctions.functions.list","cloudfunctions.functions.update","cloudfunctions.operations.get","firebase.projects.get"]}
[debug] [2026-04-02T20:17:51.513Z] <<< [apiv2][status] GET https://firebase-public.firebaseio.com/cli.json 200
[debug] [2026-04-02T20:17:51.513Z] <<< [apiv2][body] GET https://firebase-public.firebaseio.com/cli.json {"cloudBuildErrorAfter":1594252800000,"cloudBuildWarnAfter":1590019200000,"defaultNode10After":1594252800000,"minVersion":"3.0.5","node8DeploysDisabledAfter":1613390400000,"node8RuntimeDisabledAfter":1615809600000,"node8WarnAfter":1600128000000}
[debug] [2026-04-02T20:17:52.210Z] <<< [apiv2][status] POST https://cloudresourcemanager.googleapis.com/v1/projects/hope-31988:testIamPermissions 200
[debug] [2026-04-02T20:17:52.210Z] <<< [apiv2][body] POST https://cloudresourcemanager.googleapis.com/v1/projects/hope-31988:testIamPermissions {"permissions":["cloudfunctions.functions.create","cloudfunctions.functions.delete","cloudfunctions.functions.get","cloudfunctions.functions.list","cloudfunctions.functions.update","cloudfunctions.operations.get","firebase.projects.get"]}
[debug] [2026-04-02T20:17:52.210Z] Checked if tokens are valid: true, expires at: 1775164670329
[debug] [2026-04-02T20:17:52.210Z] Checked if tokens are valid: true, expires at: 1775164670329
[debug] [2026-04-02T20:17:52.210Z] >>> [apiv2][query] POST https://iam.googleapis.com/v1/projects/hope-31988/serviceAccounts/hope-31988@appspot.gserviceaccount.com:testIamPermissions [none]
[debug] [2026-04-02T20:17:52.210Z] >>> [apiv2][body] POST https://iam.googleapis.com/v1/projects/hope-31988/serviceAccounts/hope-31988@appspot.gserviceaccount.com:testIamPermissions {"permissions":["iam.serviceAccounts.actAs"]}
